2004.02.12 14:22 B Z:\newsite\scripts\images\ed_about.gif <-- MBA Association /public_html/modules/htmlarea/images ed_about.gif
2004.02.12 14:22 B Z:\newsite\scripts\images\ed_align_center.gif <-- MBA Association /public_html/modules/htmlarea/images ed_align_center.gif
2004.02.12 14:22 B Z:\newsite\scripts\images\ed_align_left.gif <-- MBA Association /public_html/modules/htmlarea/images ed_align_left.gif
2004.02.12 14:22 B Z:\newsite\scripts\images\ed_align_right.gif <-- MBA Association /public_html/modules/htmlarea/images ed_align_right.gif
2004.02.12 14:22 B Z:\newsite\scripts\images\ed_blank.gif <-- MBA Association /public_html/modules/htmlarea/images ed_blank.gif
2004.02.12 14:22 B Z:\newsite\scripts\images\ed_charmap.gif <-- MBA Association /public_html/modules/htmlarea/images ed_charmap.gif
2004.02.12 14:22 B Z:\newsite\scripts\images\ed_color_bg.gif <-- MBA Association /public_html/modules/htmlarea/images ed_color_bg.gif
2004.02.12 14:22 B Z:\newsite\scripts\images\ed_color_fg.gif <-- MBA Association /public_html/modules/htmlarea/images ed_color_fg.gif
2004.02.12 14:22 B Z:\newsite\scripts\images\ed_copy.gif <-- MBA Association /public_html/modules/htmlarea/images ed_copy.gif
2004.02.12 14:22 B Z:\newsite\scripts\images\ed_custom.gif <-- MBA Association /public_html/modules/htmlarea/images ed_custom.gif
2004.02.12 14:22 B Z:\newsite\scripts\images\ed_cut.gif <-- MBA Association /public_html/modules/htmlarea/images ed_cut.gif
2004.02.12 14:22 B Z:\newsite\scripts\images\ed_delete.gif <-- MBA Association /public_html/modules/htmlarea/images ed_delete.gif
2004.02.12 14:22 B Z:\newsite\scripts\images\ed_format_bold.gif <-- MBA Association /public_html/modules/htmlarea/images ed_format_bold.gif
2004.02.12 14:22 B Z:\newsite\scripts\images\ed_format_italic.gif <-- MBA Association /public_html/modules/htmlarea/images ed_format_italic.gif
2004.02.12 14:22 B Z:\newsite\scripts\images\ed_format_strike.gif <-- MBA Association /public_html/modules/htmlarea/images ed_format_strike.gif
2004.02.12 14:22 B Z:\newsite\scripts\images\ed_format_sub.gif <-- MBA Association /public_html/modules/htmlarea/images ed_format_sub.gif
2004.02.12 14:22 B Z:\newsite\scripts\images\ed_format_sup.gif <-- MBA Association /public_html/modules/htmlarea/images ed_format_sup.gif
2004.02.12 14:22 B Z:\newsite\scripts\images\ed_format_underline.gif <-- MBA Association /public_html/modules/htmlarea/images ed_format_underline.gif
2004.02.12 14:22 B Z:\newsite\scripts\images\ed_help.gif <-- MBA Association /public_html/modules/htmlarea/images ed_help.gif
2004.02.12 14:22 B Z:\newsite\scripts\images\ed_hr.gif <-- MBA Association /public_html/modules/htmlarea/images ed_hr.gif
2004.02.12 14:22 B Z:\newsite\scripts\images\ed_html.gif <-- MBA Association /public_html/modules/htmlarea/images ed_html.gif
2004.02.12 14:22 B Z:\newsite\scripts\images\ed_image.gif <-- MBA Association /public_html/modules/htmlarea/images ed_image.gif
2004.02.12 14:22 B Z:\newsite\scripts\images\ed_indent_less.gif <-- MBA Association /public_html/modules/htmlarea/images ed_indent_less.gif
2004.02.12 14:22 B Z:\newsite\scripts\images\ed_indent_more.gif <-- MBA Association /public_html/modules/htmlarea/images ed_indent_more.gif
2004.02.12 14:22 B Z:\newsite\scripts\images\ed_link.gif <-- MBA Association /public_html/modules/htmlarea/images ed_link.gif
2004.02.12 14:22 B Z:\newsite\scripts\images\ed_list_bullet.gif <-- MBA Association /public_html/modules/htmlarea/images ed_list_bullet.gif
2004.02.12 14:22 B Z:\newsite\scripts\images\ed_list_num.gif <-- MBA Association /public_html/modules/htmlarea/images ed_list_num.gif
2004.02.12 14:22 B Z:\newsite\scripts\images\ed_redo.gif <-- MBA Association /public_html/modules/htmlarea/images ed_redo.gif
2004.02.12 14:22 B Z:\newsite\scripts\images\ed_undo.gif <-- MBA Association /public_html/modules/htmlarea/images ed_undo.gif
2004.02.12 14:22 B Z:\newsite\scripts\images\em.icon.angry.png <-- MBA Association /public_html/modules/htmlarea/images em.icon.angry.png
2004.02.12 14:22 B Z:\newsite\scripts\images\em.icon.approve.png <-- MBA Association /public_html/modules/htmlarea/images em.icon.approve.png
2004.02.12 14:22 B Z:\newsite\scripts\images\em.icon.bigsmile.png <-- MBA Association /public_html/modules/htmlarea/images em.icon.bigsmile.png
2004.02.12 14:22 B Z:\newsite\scripts\images\em.icon.blackeye.png <-- MBA Association /public_html/modules/htmlarea/images em.icon.blackeye.png
2004.02.12 14:22 B Z:\newsite\scripts\images\em.icon.blush.png <-- MBA Association /public_html/modules/htmlarea/images em.icon.blush.png
2004.02.12 14:22 B Z:\newsite\scripts\images\em.icon.clown.png <-- MBA Association /public_html/modules/htmlarea/images em.icon.clown.png
2004.02.12 14:22 B Z:\newsite\scripts\images\em.icon.cool.png <-- MBA Association /public_html/modules/htmlarea/images em.icon.cool.png
2004.02.12 14:22 B Z:\newsite\scripts\images\em.icon.dead.png <-- MBA Association /public_html/modules/htmlarea/images em.icon.dead.png
2004.02.12 14:22 B Z:\newsite\scripts\images\em.icon.dissapprove.png <-- MBA Association /public_html/modules/htmlarea/images em.icon.dissapprove.png
2004.02.12 14:22 B Z:\newsite\scripts\images\em.icon.eightball.png <-- MBA Association /public_html/modules/htmlarea/images em.icon.eightball.png
2004.02.12 14:22 B Z:\newsite\scripts\images\em.icon.evil.png <-- MBA Association /public_html/modules/htmlarea/images em.icon.evil.png
2004.02.12 14:22 B Z:\newsite\scripts\images\em.icon.kiss.png <-- MBA Association /public_html/modules/htmlarea/images em.icon.kiss.png
2004.02.12 14:22 B Z:\newsite\scripts\images\em.icon.question.png <-- MBA Association /public_html/modules/htmlarea/images em.icon.question.png
2004.02.12 14:22 B Z:\newsite\scripts\images\em.icon.sad.png <-- MBA Association /public_html/modules/htmlarea/images em.icon.sad.png
2004.02.12 14:22 B Z:\newsite\scripts\images\em.icon.shocked.png <-- MBA Association /public_html/modules/htmlarea/images em.icon.shocked.png
2004.02.12 14:22 B Z:\newsite\scripts\images\em.icon.shy.png <-- MBA Association /public_html/modules/htmlarea/images em.icon.shy.png
2004.02.12 14:22 B Z:\newsite\scripts\images\em.icon.sleepy.png <-- MBA Association /public_html/modules/htmlarea/images em.icon.sleepy.png
2004.02.12 14:22 B Z:\newsite\scripts\images\em.icon.smile.png <-- MBA Association /public_html/modules/htmlarea/images em.icon.smile.png
2004.02.12 14:22 B Z:\newsite\scripts\images\em.icon.tongue.png <-- MBA Association /public_html/modules/htmlarea/images em.icon.tongue.png
2004.02.12 14:22 B Z:\newsite\scripts\images\em.icon.wink.png <-- MBA Association /public_html/modules/htmlarea/images em.icon.wink.png
2004.02.12 14:22 B Z:\newsite\scripts\images\fullscreen_maximize.gif <-- MBA Association /public_html/modules/htmlarea/images fullscreen_maximize.gif
2004.02.12 14:22 B Z:\newsite\scripts\images\fullscreen_minimize.gif <-- MBA Association /public_html/modules/htmlarea/images fullscreen_minimize.gif
2004.02.12 14:22 B Z:\newsite\scripts\images\icon_color_fill.gif <-- MBA Association /public_html/modules/htmlarea/images icon_color_fill.gif
2004.02.12 14:22 B Z:\newsite\scripts\images\icon_color_text.gif <-- MBA Association /public_html/modules/htmlarea/images icon_color_text.gif
2004.02.12 14:22 B Z:\newsite\scripts\images\icon_ins_char.gif <-- MBA Association /public_html/modules/htmlarea/images icon_ins_char.gif
2004.02.12 14:22 B Z:\newsite\scripts\images\icon_ins_image.gif <-- MBA Association /public_html/modules/htmlarea/images icon_ins_image.gif
2004.02.12 14:22 B Z:\newsite\scripts\images\insert_table.gif <-- MBA Association /public_html/modules/htmlarea/images insert_table.gif
2004.02.12 14:22 B Z:\newsite\scripts\images\link.gif <-- MBA Association /public_html/modules/htmlarea/images link.gif
2004.02.12 14:22 B Z:\newsite\scripts\images\pspbrwse.jbf <-- MBA Association /public_html/modules/htmlarea/images pspbrwse.jbf
2004.02.12 14:22 B Z:\newsite\scripts\images\upload.png <-- MBA Association /public_html/modules/htmlarea/images upload.png
